0 info it worked if it ends with ok
1 verbose cli [ 'node',
1 verbose cli   '/usr/bin/npm',
1 verbose cli   'install',
1 verbose cli   '-g',
1 verbose cli   'clausreinke/typescript-tools' ]
2 info using npm@1.3.6
3 info using node@v0.10.36
4 verbose cache add [ 'clausreinke/typescript-tools', null ]
5 verbose cache add name=undefined spec="clausreinke/typescript-tools" args=["clausreinke/typescript-tools",null]
6 verbose parsed url { protocol: null,
6 verbose parsed url   slashes: null,
6 verbose parsed url   auth: null,
6 verbose parsed url   host: null,
6 verbose parsed url   port: null,
6 verbose parsed url   hostname: null,
6 verbose parsed url   hash: null,
6 verbose parsed url   search: null,
6 verbose parsed url   query: null,
6 verbose parsed url   pathname: 'clausreinke/typescript-tools',
6 verbose parsed url   path: 'clausreinke/typescript-tools',
6 verbose parsed url   href: 'clausreinke/typescript-tools' }
7 silly lockFile 9102a719-clausreinke-typescript-tools clausreinke/typescript-tools
8 verbose lock clausreinke/typescript-tools /root/.npm/9102a719-clausreinke-typescript-tools.lock
9 info maybeGithub Attempting clausreinke/typescript-tools from git://github.com/clausreinke/typescript-tools
10 silly lockFile 8c085a0d-com-clausreinke-typescript-tools git://github.com/clausreinke/typescript-tools
11 verbose lock git://github.com/clausreinke/typescript-tools /root/.npm/8c085a0d-com-clausreinke-typescript-tools.lock
12 verbose addRemoteGit [ 'git://github.com/clausreinke/typescript-tools', 'master' ]
13 silly lockFile 8c085a0d-com-clausreinke-typescript-tools git://github.com/clausreinke/typescript-tools
14 silly lockFile 8c085a0d-com-clausreinke-typescript-tools git://github.com/clausreinke/typescript-tools
15 info maybeGithub Attempting clausreinke/typescript-tools from git+ssh://git@github.com:clausreinke/typescript-tools
16 silly lockFile 2099ccc3-com-clausreinke-typescript-tools git+ssh://git@github.com:clausreinke/typescript-tools
17 verbose lock git+ssh://git@github.com:clausreinke/typescript-tools /root/.npm/2099ccc3-com-clausreinke-typescript-tools.lock
18 verbose addRemoteGit [ 'git@github.com:clausreinke/typescript-tools', 'master' ]
19 silly lockFile 86fe926e-com-clausreinke-typescript-tools git@github.com:clausreinke/typescript-tools
20 silly lockFile 9102a719-clausreinke-typescript-tools clausreinke/typescript-tools
21 silly lockFile 9102a719-clausreinke-typescript-tools clausreinke/typescript-tools
22 error addLocal Could not install clausreinke/typescript-tools
23 error Error: ENOENT, stat 'clausreinke/typescript-tools'
24 error If you need help, you may report this log at:
24 error     <http://github.com/isaacs/npm/issues>
24 error or email it to:
24 error     <npm-@googlegroups.com>
25 error System Linux 2.6.32-504.30.3.el6.x86_64
26 error command "node" "/usr/bin/npm" "install" "-g" "clausreinke/typescript-tools"
27 error cwd /home/techtrain/emacs/typescript-tools
28 error node -v v0.10.36
29 error npm -v 1.3.6
30 error path clausreinke/typescript-tools
31 error code ENOENT
32 error errno 34
33 verbose exit [ 34, true ]
